{"C:\\Users\\Erick\\ejship\\backend\\index.js": {"path":"C:\\Users\\Erick\\ejship\\backend\\index.js","statementMap":{"0":{"start":{"line":1,"column":16},"end":{"line":1,"column":34}},"1":{"start":{"line":2,"column":13},"end":{"line":2,"column":28}},"2":{"start":{"line":3,"column":0},"end":{"line":3,"column":26}},"3":{"start":{"line":5,"column":12},"end":{"line":5,"column":21}},"4":{"start":{"line":6,"column":0},"end":{"line":6,"column":15}},"5":{"start":{"line":7,"column":0},"end":{"line":7,"column":23}},"6":{"start":{"line":9,"column":19},"end":{"line":9,"column":43}},"7":{"start":{"line":10,"column":20},"end":{"line":10,"column":46}},"8":{"start":{"line":12,"column":0},"end":{"line":12,"column":32}},"9":{"start":{"line":13,"column":0},"end":{"line":13,"column":35}},"10":{"start":{"line":15,"column":0},"end":{"line":17,"column":2}},"11":{"start":{"line":16,"column":2},"end":{"line":16,"column":49}},"12":{"start":{"line":19,"column":13},"end":{"line":19,"column":37}},"13":{"start":{"line":20,"column":0},"end":{"line":22,"column":2}},"14":{"start":{"line":21,"column":2},"end":{"line":21,"column":53}},"15":{"start":{"line":24,"column":0},"end":{"line":24,"column":20}}},"fnMap":{"0":{"name":"(anonymous_0)","decl":{"start":{"line":15,"column":13},"end":{"line":15,"column":14}},"loc":{"start":{"line":15,"column":27},"end":{"line":17,"column":1}},"line":15},"1":{"name":"(anonymous_1)","decl":{"start":{"line":20,"column":17},"end":{"line":20,"column":18}},"loc":{"start":{"line":20,"column":23},"end":{"line":22,"column":1}},"line":20}},"branchMap":{"0":{"loc":{"start":{"line":19,"column":13},"end":{"line":19,"column":37}},"type":"binary-expr","locations":[{"start":{"line":19,"column":13},"end":{"line":19,"column":29}},{"start":{"line":19,"column":33},"end":{"line":19,"column":37}}],"line":19}},"s":{"0":1,"1":1,"2":1,"3":1,"4":1,"5":1,"6":1,"7":1,"8":1,"9":1,"10":1,"11":0,"12":1,"13":1,"14":1,"15":1},"f":{"0":0,"1":1},"b":{"0":[1,0]},"_coverageSchema":"1a1c01bbd47fc00a2c39e90264f33305004495a9","hash":"59d503bce7c5ada72eed42ef66bd2e928f32d812"}
,"C:\\Users\\Erick\\ejship\\backend\\routes\\auth.js": {"path":"C:\\Users\\Erick\\ejship\\backend\\routes\\auth.js","statementMap":{"0":{"start":{"line":1,"column":16},"end":{"line":1,"column":34}},"1":{"start":{"line":2,"column":15},"end":{"line":2,"column":31}},"2":{"start":{"line":3,"column":15},"end":{"line":3,"column":34}},"3":{"start":{"line":4,"column":12},"end":{"line":4,"column":35}},"4":{"start":{"line":5,"column":25},"end":{"line":5,"column":50}},"5":{"start":{"line":6,"column":21},"end":{"line":6,"column":50}},"6":{"start":{"line":8,"column":16},"end":{"line":8,"column":76}},"7":{"start":{"line":9,"column":15},"end":{"line":9,"column":44}},"8":{"start":{"line":12,"column":0},"end":{"line":23,"column":2}},"9":{"start":{"line":13,"column":2},"end":{"line":22,"column":3}},"10":{"start":{"line":14,"column":46},"end":{"line":14,"column":54}},"11":{"start":{"line":15,"column":27},"end":{"line":15,"column":58}},"12":{"start":{"line":16,"column":20},"end":{"line":18,"column":6}},"13":{"start":{"line":19,"column":4},"end":{"line":19,"column":59}},"14":{"start":{"line":21,"column":4},"end":{"line":21,"column":61}},"15":{"start":{"line":26,"column":0},"end":{"line":42,"column":2}},"16":{"start":{"line":27,"column":2},"end":{"line":41,"column":3}},"17":{"start":{"line":28,"column":33},"end":{"line":28,"column":41}},"18":{"start":{"line":29,"column":20},"end":{"line":29,"column":74}},"19":{"start":{"line":30,"column":4},"end":{"line":30,"column":81}},"20":{"start":{"line":30,"column":18},"end":{"line":30,"column":81}},"21":{"start":{"line":31,"column":18},"end":{"line":31,"column":66}},"22":{"start":{"line":32,"column":4},"end":{"line":32,"column":79}},"23":{"start":{"line":32,"column":16},"end":{"line":32,"column":79}},"24":{"start":{"line":33,"column":18},"end":{"line":37,"column":5}},"25":{"start":{"line":38,"column":4},"end":{"line":38,"column":94}},"26":{"start":{"line":40,"column":4},"end":{"line":40,"column":59}},"27":{"start":{"line":44,"column":0},"end":{"line":44,"column":23}}},"fnMap":{"0":{"name":"(anonymous_0)","decl":{"start":{"line":12,"column":25},"end":{"line":12,"column":26}},"loc":{"start":{"line":12,"column":45},"end":{"line":23,"column":1}},"line":12},"1":{"name":"(anonymous_1)","decl":{"start":{"line":26,"column":22},"end":{"line":26,"column":23}},"loc":{"start":{"line":26,"column":42},"end":{"line":42,"column":1}},"line":26}},"branchMap":{"0":{"loc":{"start":{"line":30,"column":4},"end":{"line":30,"column":81}},"type":"if","locations":[{"start":{"line":30,"column":4},"end":{"line":30,"column":81}},{"start":{},"end":{}}],"line":30},"1":{"loc":{"start":{"line":32,"column":4},"end":{"line":32,"column":79}},"type":"if","locations":[{"start":{"line":32,"column":4},"end":{"line":32,"column":79}},{"start":{},"end":{}}],"line":32}},"s":{"0":1,"1":1,"2":1,"3":1,"4":1,"5":1,"6":1,"7":1,"8":1,"9":3,"10":3,"11":3,"12":3,"13":3,"14":0,"15":1,"16":3,"17":3,"18":3,"19":3,"20":1,"21":2,"22":2,"23":1,"24":1,"25":1,"26":0,"27":1},"f":{"0":3,"1":3},"b":{"0":[1,2],"1":[1,1]},"_coverageSchema":"1a1c01bbd47fc00a2c39e90264f33305004495a9","hash":"d8c894012b43f0ef11985e4baca9ecccbb402249"}
,"C:\\Users\\Erick\\ejship\\backend\\routes\\envios.js": {"path":"C:\\Users\\Erick\\ejship\\backend\\routes\\envios.js","statementMap":{"0":{"start":{"line":1,"column":16},"end":{"line":1,"column":34}},"1":{"start":{"line":2,"column":15},"end":{"line":2,"column":31}},"2":{"start":{"line":3,"column":25},"end":{"line":3,"column":50}},"3":{"start":{"line":4,"column":21},"end":{"line":4,"column":50}},"4":{"start":{"line":5,"column":12},"end":{"line":5,"column":35}},"5":{"start":{"line":7,"column":16},"end":{"line":7,"column":76}},"6":{"start":{"line":8,"column":15},"end":{"line":8,"column":44}},"7":{"start":{"line":10,"column":23},"end":{"line":20,"column":1}},"8":{"start":{"line":11,"column":16},"end":{"line":11,"column":56}},"9":{"start":{"line":12,"column":2},"end":{"line":12,"column":71}},"10":{"start":{"line":12,"column":14},"end":{"line":12,"column":71}},"11":{"start":{"line":13,"column":2},"end":{"line":19,"column":3}},"12":{"start":{"line":14,"column":20},"end":{"line":14,"column":61}},"13":{"start":{"line":15,"column":4},"end":{"line":15,"column":25}},"14":{"start":{"line":16,"column":4},"end":{"line":16,"column":10}},"15":{"start":{"line":18,"column":4},"end":{"line":18,"column":53}},"16":{"start":{"line":22,"column":24},"end":{"line":24,"column":1}},"17":{"start":{"line":23,"column":2},"end":{"line":23,"column":62}},"18":{"start":{"line":26,"column":0},"end":{"line":45,"column":2}},"19":{"start":{"line":27,"column":2},"end":{"line":44,"column":3}},"20":{"start":{"line":28,"column":28},"end":{"line":28,"column":36}},"21":{"start":{"line":29,"column":21},"end":{"line":29,"column":38}},"22":{"start":{"line":30,"column":18},"end":{"line":40,"column":6}},"23":{"start":{"line":41,"column":4},"end":{"line":41,"column":19}},"24":{"start":{"line":43,"column":4},"end":{"line":43,"column":59}},"25":{"start":{"line":47,"column":0},"end":{"line":58,"column":2}},"26":{"start":{"line":48,"column":2},"end":{"line":57,"column":3}},"27":{"start":{"line":49,"column":18},"end":{"line":52,"column":6}},"28":{"start":{"line":53,"column":4},"end":{"line":53,"column":77}},"29":{"start":{"line":53,"column":16},"end":{"line":53,"column":77}},"30":{"start":{"line":54,"column":4},"end":{"line":54,"column":19}},"31":{"start":{"line":56,"column":4},"end":{"line":56,"column":63}},"32":{"start":{"line":60,"column":0},"end":{"line":70,"column":2}},"33":{"start":{"line":61,"column":2},"end":{"line":69,"column":3}},"34":{"start":{"line":62,"column":19},"end":{"line":65,"column":6}},"35":{"start":{"line":66,"column":4},"end":{"line":66,"column":20}},"36":{"start":{"line":68,"column":4},"end":{"line":68,"column":62}},"37":{"start":{"line":72,"column":0},"end":{"line":86,"column":2}},"38":{"start":{"line":73,"column":2},"end":{"line":85,"column":3}},"39":{"start":{"line":74,"column":29},"end":{"line":74,"column":37}},"40":{"start":{"line":75,"column":18},"end":{"line":78,"column":6}},"41":{"start":{"line":79,"column":4},"end":{"line":81,"column":6}},"42":{"start":{"line":82,"column":4},"end":{"line":82,"column":19}},"43":{"start":{"line":84,"column":4},"end":{"line":84,"column":65}},"44":{"start":{"line":88,"column":0},"end":{"line":88,"column":23}}},"fnMap":{"0":{"name":"(anonymous_0)","decl":{"start":{"line":10,"column":23},"end":{"line":10,"column":24}},"loc":{"start":{"line":10,"column":43},"end":{"line":20,"column":1}},"line":10},"1":{"name":"(anonymous_1)","decl":{"start":{"line":22,"column":24},"end":{"line":22,"column":25}},"loc":{"start":{"line":22,"column":30},"end":{"line":24,"column":1}},"line":22},"2":{"name":"(anonymous_2)","decl":{"start":{"line":26,"column":33},"end":{"line":26,"column":34}},"loc":{"start":{"line":26,"column":53},"end":{"line":45,"column":1}},"line":26},"3":{"name":"(anonymous_3)","decl":{"start":{"line":47,"column":32},"end":{"line":47,"column":33}},"loc":{"start":{"line":47,"column":52},"end":{"line":58,"column":1}},"line":47},"4":{"name":"(anonymous_4)","decl":{"start":{"line":60,"column":42},"end":{"line":60,"column":43}},"loc":{"start":{"line":60,"column":62},"end":{"line":70,"column":1}},"line":60},"5":{"name":"(anonymous_5)","decl":{"start":{"line":72,"column":42},"end":{"line":72,"column":43}},"loc":{"start":{"line":72,"column":62},"end":{"line":86,"column":1}},"line":72}},"branchMap":{"0":{"loc":{"start":{"line":12,"column":2},"end":{"line":12,"column":71}},"type":"if","locations":[{"start":{"line":12,"column":2},"end":{"line":12,"column":71}},{"start":{},"end":{}}],"line":12},"1":{"loc":{"start":{"line":53,"column":4},"end":{"line":53,"column":77}},"type":"if","locations":[{"start":{"line":53,"column":4},"end":{"line":53,"column":77}},{"start":{},"end":{}}],"line":53}},"s":{"0":1,"1":1,"2":1,"3":1,"4":1,"5":1,"6":1,"7":1,"8":1,"9":1,"10":1,"11":0,"12":0,"13":0,"14":0,"15":0,"16":1,"17":0,"18":1,"19":0,"20":0,"21":0,"22":0,"23":0,"24":0,"25":1,"26":1,"27":1,"28":1,"29":1,"30":0,"31":0,"32":1,"33":0,"34":0,"35":0,"36":0,"37":1,"38":0,"39":0,"40":0,"41":0,"42":0,"43":0,"44":1},"f":{"0":1,"1":0,"2":0,"3":1,"4":0,"5":0},"b":{"0":[1,0],"1":[1,0]},"_coverageSchema":"1a1c01bbd47fc00a2c39e90264f33305004495a9","hash":"1c3b39fcc312f152e2b4fc8747c11b08d034e0c1"}
}
