TN:
SF:index.js
FN:15,(anonymous_0)
FN:20,(anonymous_1)
FNF:2
FNH:1
FNDA:0,(anonymous_0)
FNDA:1,(anonymous_1)
DA:1,1
DA:2,1
DA:3,1
DA:5,1
DA:6,1
DA:7,1
DA:9,1
DA:10,1
DA:12,1
DA:13,1
DA:15,1
DA:16,0
DA:19,1
DA:20,1
DA:21,1
DA:24,1
LF:16
LH:15
BRDA:19,0,0,1
BRDA:19,0,1,0
BRF:2
BRH:1
end_of_record
TN:
SF:routes\auth.js
FN:12,(anonymous_0)
FN:26,(anonymous_1)
FNF:2
FNH:2
FNDA:3,(anonymous_0)
FNDA:3,(anonymous_1)
DA:1,1
DA:2,1
DA:3,1
DA:4,1
DA:5,1
DA:6,1
DA:8,1
DA:9,1
DA:12,1
DA:13,3
DA:14,3
DA:15,3
DA:16,3
DA:19,3
DA:21,0
DA:26,1
DA:27,3
DA:28,3
DA:29,3
DA:30,3
DA:31,2
DA:32,2
DA:33,1
DA:38,1
DA:40,0
DA:44,1
LF:26
LH:24
BRDA:30,0,0,1
BRDA:30,0,1,2
BRDA:32,1,0,1
BRDA:32,1,1,1
BRF:4
BRH:4
end_of_record
TN:
SF:routes\envios.js
FN:10,(anonymous_0)
FN:22,(anonymous_1)
FN:26,(anonymous_2)
FN:47,(anonymous_3)
FN:60,(anonymous_4)
FN:72,(anonymous_5)
FNF:6
FNH:2
FNDA:1,(anonymous_0)
FNDA:0,(anonymous_1)
FNDA:0,(anonymous_2)
FNDA:1,(anonymous_3)
FNDA:0,(anonymous_4)
FNDA:0,(anonymous_5)
DA:1,1
DA:2,1
DA:3,1
DA:4,1
DA:5,1
DA:7,1
DA:8,1
DA:10,1
DA:11,1
DA:12,1
DA:13,0
DA:14,0
DA:15,0
DA:16,0
DA:18,0
DA:22,1
DA:23,0
DA:26,1
DA:27,0
DA:28,0
DA:29,0
DA:30,0
DA:41,0
DA:43,0
DA:47,1
DA:48,1
DA:49,1
DA:53,1
DA:54,0
DA:56,0
DA:60,1
DA:61,0
DA:62,0
DA:66,0
DA:68,0
DA:72,1
DA:73,0
DA:74,0
DA:75,0
DA:79,0
DA:82,0
DA:84,0
DA:88,1
LF:43
LH:19
BRDA:12,0,0,1
BRDA:12,0,1,0
BRDA:53,1,0,1
BRDA:53,1,1,0
BRF:4
BRH:2
end_of_record
